app/build/intermediates/manifest_merge_blame_file/debug/manifest-merger-blame-debug-report.txt
1<?xml version="1.0" encoding="utf-8"?>
2<manifest xmlns:android="http://schemas.android.com/apk/res/android"
3    package="com.example.finalproject"
4    android:versionCode="1"
5    android:versionName="1.0" >
6
7    <uses-sdk
8        android:minSdkVersion="30"
8-->src\main\AndroidManifest.xml
9        android:targetSdkVersion="30" />
9-->src\main\AndroidManifest.xml
10
11    <!-- Required permission for App measurement to run. -->
12    <uses-permission android:name="android.permission.INTERNET" />
12-->[com.google.android.gms:play-services-measurement:17.5.0] AndroidManifest.xml:23:5-67
12-->[com.google.android.gms:play-services-measurement:17.5.0] AndroidManifest.xml:23:22-64
13    <uses-permission android:name="android.permission.ACCESS_NETWORK_STATE" />
13-->[com.google.android.gms:play-services-measurement:17.5.0] AndroidManifest.xml:24:5-79
13-->[com.google.android.gms:play-services-measurement:17.5.0] AndroidManifest.xml:24:22-76
14    <uses-permission android:name="android.permission.WAKE_LOCK" />
14-->[com.google.android.gms:play-services-measurement:17.5.0] AndroidManifest.xml:25:5-68
14-->[com.google.android.gms:play-services-measurement:17.5.0] AndroidManifest.xml:25:22-65
15    <uses-permission android:name="com.google.android.finsky.permission.BIND_GET_INSTALL_REFERRER_SERVICE" />
15-->[com.google.android.gms:play-services-measurement:17.5.0] AndroidManifest.xml:26:5-110
15-->[com.google.android.gms:play-services-measurement:17.5.0] AndroidManifest.xml:26:22-107
16
17    <application
17-->src\main\AndroidManifest.xml:5:5-23:19
18        android:allowBackup="true"
18-->src\main\AndroidManifest.xml:6:9-35
19        android:appComponentFactory="androidx.core.app.CoreComponentFactory"
19-->[androidx.core:core:1.3.2] AndroidManifest.xml:24:18-86
20        android:debuggable="true"
21        android:extractNativeLibs="false"
22        android:icon="@mipmap/ic_launcher"
22-->src\main\AndroidManifest.xml:7:9-43
23        android:label="@string/app_name"
23-->src\main\AndroidManifest.xml:8:9-41
24        android:roundIcon="@mipmap/ic_launcher_round"
24-->src\main\AndroidManifest.xml:9:9-54
25        android:supportsRtl="true"
25-->src\main\AndroidManifest.xml:10:9-35
26        android:testOnly="true"
27        android:theme="@style/AppTheme" >
27-->src\main\AndroidManifest.xml:11:9-40
28        <activity android:name="com.example.finalproject.FirstLandingActivity" />
28-->src\main\AndroidManifest.xml:12:9-67
28-->src\main\AndroidManifest.xml:12:19-55
29        <activity
29-->src\main\AndroidManifest.xml:13:9-15:36
30            android:name="com.example.finalproject.HomeActivity"
30-->src\main\AndroidManifest.xml:14:13-41
31            android:label="Home" />
31-->src\main\AndroidManifest.xml:15:13-33
32        <activity android:name="com.example.finalproject.MainActivity" >
32-->src\main\AndroidManifest.xml:16:9-22:20
32-->src\main\AndroidManifest.xml:16:19-47
33            <intent-filter>
33-->src\main\AndroidManifest.xml:17:13-21:29
34                <action android:name="android.intent.action.MAIN" />
34-->src\main\AndroidManifest.xml:18:17-69
34-->src\main\AndroidManifest.xml:18:25-66
35
36                <category android:name="android.intent.category.LAUNCHER" />
36-->src\main\AndroidManifest.xml:20:17-77
36-->src\main\AndroidManifest.xml:20:27-74
37            </intent-filter>
38        </activity>
39
40        <service
40-->[com.google.firebase:firebase-auth-ktx:19.4.0] AndroidManifest.xml:8:9-14:19
41            android:name="com.google.firebase.components.ComponentDiscoveryService"
41-->[com.google.firebase:firebase-auth-ktx:19.4.0] AndroidManifest.xml:9:13-84
42            android:directBootAware="true"
42-->[com.google.firebase:firebase-common:19.3.1] AndroidManifest.xml:35:13-43
43            android:exported="false" >
43-->[com.google.firebase:firebase-auth-ktx:19.4.0] AndroidManifest.xml:10:13-37
44            <meta-data
44-->[com.google.firebase:firebase-auth-ktx:19.4.0] AndroidManifest.xml:11:13-13:85
45                android:name="com.google.firebase.components:com.google.firebase.auth.ktx.FirebaseAuthKtxRegistrar"
45-->[com.google.firebase:firebase-auth-ktx:19.4.0] AndroidManifest.xml:12:17-116
46                android:value="com.google.firebase.components.ComponentRegistrar" />
46-->[com.google.firebase:firebase-auth-ktx:19.4.0] AndroidManifest.xml:13:17-82
47            <meta-data
47-->[com.google.firebase:firebase-firestore-ktx:21.7.0] AndroidManifest.xml:15:13-17:85
48                android:name="com.google.firebase.components:com.google.firebase.firestore.ktx.FirebaseFirestoreKtxRegistrar"
48-->[com.google.firebase:firebase-firestore-ktx:21.7.0] AndroidManifest.xml:16:17-126
49                android:value="com.google.firebase.components.ComponentRegistrar" />
49-->[com.google.firebase:firebase-firestore-ktx:21.7.0] AndroidManifest.xml:17:17-82
50            <meta-data
50-->[com.google.firebase:firebase-common-ktx:19.3.1] AndroidManifest.xml:15:13-17:85
51                android:name="com.google.firebase.components:com.google.firebase.ktx.FirebaseCommonKtxRegistrar"
51-->[com.google.firebase:firebase-common-ktx:19.3.1] AndroidManifest.xml:16:17-113
52                android:value="com.google.firebase.components.ComponentRegistrar" />
52-->[com.google.firebase:firebase-common-ktx:19.3.1] AndroidManifest.xml:17:17-82
53            <meta-data
53-->[com.google.firebase:firebase-auth:19.4.0] AndroidManifest.xml:36:13-38:85
54                android:name="com.google.firebase.components:com.google.firebase.auth.FirebaseAuthRegistrar"
54-->[com.google.firebase:firebase-auth:19.4.0] AndroidManifest.xml:37:17-109
55                android:value="com.google.firebase.components.ComponentRegistrar" />
55-->[com.google.firebase:firebase-auth:19.4.0] AndroidManifest.xml:38:17-82
56            <meta-data
56-->[com.google.android.gms:play-services-measurement-api:17.5.0] AndroidManifest.xml:30:13-32:85
57                android:name="com.google.firebase.components:com.google.firebase.analytics.connector.internal.AnalyticsConnectorRegistrar"
57-->[com.google.android.gms:play-services-measurement-api:17.5.0] AndroidManifest.xml:31:17-139
58                android:value="com.google.firebase.components.ComponentRegistrar" />
58-->[com.google.android.gms:play-services-measurement-api:17.5.0] AndroidManifest.xml:32:17-82
59            <meta-data
59-->[com.google.firebase:firebase-firestore:21.7.0] AndroidManifest.xml:20:13-22:85
60                android:name="com.google.firebase.components:com.google.firebase.firestore.FirestoreRegistrar"
60-->[com.google.firebase:firebase-firestore:21.7.0] AndroidManifest.xml:21:17-111
61                android:value="com.google.firebase.components.ComponentRegistrar" />
61-->[com.google.firebase:firebase-firestore:21.7.0] AndroidManifest.xml:22:17-82
62            <meta-data
62-->[com.google.firebase:firebase-installations:16.3.2] AndroidManifest.xml:17:13-19:85
63                android:name="com.google.firebase.components:com.google.firebase.installations.FirebaseInstallationsRegistrar"
63-->[com.google.firebase:firebase-installations:16.3.2] AndroidManifest.xml:18:17-127
64                android:value="com.google.firebase.components.ComponentRegistrar" />
64-->[com.google.firebase:firebase-installations:16.3.2] AndroidManifest.xml:19:17-82
65        </service>
66
67        <activity
67-->[com.google.firebase:firebase-auth:19.4.0] AndroidManifest.xml:24:9-31:50
68            android:name="com.google.firebase.auth.internal.FederatedSignInActivity"
68-->[com.google.firebase:firebase-auth:19.4.0] AndroidManifest.xml:25:13-85
69            android:excludeFromRecents="true"
69-->[com.google.firebase:firebase-auth:19.4.0] AndroidManifest.xml:26:13-46
70            android:exported="true"
70-->[com.google.firebase:firebase-auth:19.4.0] AndroidManifest.xml:27:13-36
71            android:launchMode="singleTask"
71-->[com.google.firebase:firebase-auth:19.4.0] AndroidManifest.xml:28:13-44
72            android:permission="com.google.firebase.auth.api.gms.permission.LAUNCH_FEDERATED_SIGN_IN"
72-->[com.google.firebase:firebase-auth:19.4.0] AndroidManifest.xml:29:13-102
73            android:theme="@android:style/Theme.Translucent.NoTitleBar" />
73-->[com.google.firebase:firebase-auth:19.4.0] AndroidManifest.xml:30:13-72
74
75        <receiver
75-->[com.google.android.gms:play-services-measurement:17.5.0] AndroidManifest.xml:29:9-33:20
76            android:name="com.google.android.gms.measurement.AppMeasurementReceiver"
76-->[com.google.android.gms:play-services-measurement:17.5.0] AndroidManifest.xml:30:13-85
77            android:enabled="true"
77-->[com.google.android.gms:play-services-measurement:17.5.0] AndroidManifest.xml:31:13-35
78            android:exported="false" >
78-->[com.google.android.gms:play-services-measurement:17.5.0] AndroidManifest.xml:32:13-37
79        </receiver>
80
81        <service
81-->[com.google.android.gms:play-services-measurement:17.5.0] AndroidManifest.xml:35:9-38:40
82            android:name="com.google.android.gms.measurement.AppMeasurementService"
82-->[com.google.android.gms:play-services-measurement:17.5.0] AndroidManifest.xml:36:13-84
83            android:enabled="true"
83-->[com.google.android.gms:play-services-measurement:17.5.0] AndroidManifest.xml:37:13-35
84            android:exported="false" />
84-->[com.google.android.gms:play-services-measurement:17.5.0] AndroidManifest.xml:38:13-37
85        <service
85-->[com.google.android.gms:play-services-measurement:17.5.0] AndroidManifest.xml:39:9-43:72
86            android:name="com.google.android.gms.measurement.AppMeasurementJobService"
86-->[com.google.android.gms:play-services-measurement:17.5.0] AndroidManifest.xml:40:13-87
87            android:enabled="true"
87-->[com.google.android.gms:play-services-measurement:17.5.0] AndroidManifest.xml:41:13-35
88            android:exported="false"
88-->[com.google.android.gms:play-services-measurement:17.5.0] AndroidManifest.xml:42:13-37
89            android:permission="android.permission.BIND_JOB_SERVICE" />
89-->[com.google.android.gms:play-services-measurement:17.5.0] AndroidManifest.xml:43:13-69
90
91        <provider
91-->[com.google.firebase:firebase-common:19.3.1] AndroidManifest.xml:26:9-31:39
92            android:name="com.google.firebase.provider.FirebaseInitProvider"
92-->[com.google.firebase:firebase-common:19.3.1] AndroidManifest.xml:27:13-77
93            android:authorities="com.example.finalproject.firebaseinitprovider"
93-->[com.google.firebase:firebase-common:19.3.1] AndroidManifest.xml:28:13-72
94            android:directBootAware="true"
94-->[com.google.firebase:firebase-common:19.3.1] AndroidManifest.xml:29:13-43
95            android:exported="false"
95-->[com.google.firebase:firebase-common:19.3.1] AndroidManifest.xml:30:13-37
96            android:initOrder="100" />
96-->[com.google.firebase:firebase-common:19.3.1] AndroidManifest.xml:31:13-36
97
98        <activity
98-->[com.google.android.gms:play-services-base:17.1.0] AndroidManifest.xml:23:9-26:75
99            android:name="com.google.android.gms.common.api.GoogleApiActivity"
99-->[com.google.android.gms:play-services-base:17.1.0] AndroidManifest.xml:24:13-79
100            android:exported="false"
100-->[com.google.android.gms:play-services-base:17.1.0] AndroidManifest.xml:25:13-37
101            android:theme="@android:style/Theme.Translucent.NoTitleBar" />
101-->[com.google.android.gms:play-services-base:17.1.0] AndroidManifest.xml:26:13-72
102
103        <meta-data
103-->[com.google.android.gms:play-services-basement:17.0.0] AndroidManifest.xml:23:9-25:69
104            android:name="com.google.android.gms.version"
104-->[com.google.android.gms:play-services-basement:17.0.0] AndroidManifest.xml:24:13-58
105            android:value="@integer/google_play_services_version" />
105-->[com.google.android.gms:play-services-basement:17.0.0] AndroidManifest.xml:25:13-66
106    </application>
107
108</manifest>